<?xml version="1.0" encoding="UTF-8"?>
<!-- Generated by org.testng.reporters.JUnitXMLReporter -->
<testsuite ignored="2" hostname="RamWork" failures="0" tests="111" name="Test" time="0.494" errors="0" timestamp="2025-01-16T16:20:08 GMT">
  <testcase classname="Pack2.HandlingTest" name="Test2" time="0.012"/>
  <testcase classname="Pack2.HandlingTest" name="Test4" time="0.002"/>
  <testcase classname="Pack2.HandlingTest" name="registration" time="0.003"/>
  <testcase classname="Pack2.HandlingTest" name="registration" time="0.002"/>
  <testcase classname="Pack2.HandlingTest" name="registration" time="0.002"/>
  <testcase classname="Pack2.HandlingTest" name="registration" time="0.002"/>
  <testcase classname="Pack2.HandlingTest" name="registration" time="0.002"/>
  <testcase classname="Pack2.HandlingTest" name="registration" time="0.002"/>
  <testcase classname="Pack2.HandlingTest" name="registration" time="0.002"/>
  <testcase classname="Pack2.HandlingTest" name="registration" time="0.002"/>
  <testcase classname="Pack2.HandlingTest" name="registration" time="0.002"/>
  <testcase classname="Pack2.HandlingTest" name="registration" time="0.003"/>
  <testcase classname="Pack2.HandlingTest" name="registration" time="0.001"/>
  <testcase classname="Pack2.HandlingTest" name="registration" time="0.002"/>
  <testcase classname="Pack2.HandlingTest" name="registration" time="0.002"/>
  <testcase classname="Pack2.HandlingTest" name="registration" time="0.001"/>
  <testcase classname="Pack2.HandlingTest" name="registration" time="0.001"/>
  <testcase classname="Pack2.HandlingTest" name="registration" time="0.0"/>
  <testcase classname="Pack2.HandlingTest" name="registration" time="0.001"/>
  <testcase classname="Pack2.HandlingTest" name="registration" time="0.001"/>
  <testcase classname="Pack2.HandlingTest" name="registration" time="0.001"/>
  <testcase classname="Pack2.HandlingTest" name="registration" time="0.001"/>
  <testcase classname="Pack2.HandlingTest" name="registration" time="0.001"/>
  <testcase classname="Pack2.HandlingTest" name="registration" time="0.001"/>
  <testcase classname="Pack2.HandlingTest" name="registration" time="0.001"/>
  <testcase classname="Pack2.HandlingTest" name="registration" time="0.002"/>
  <testcase classname="Pack2.HandlingTest" name="registration" time="0.002"/>
  <testcase classname="Pack2.HandlingTest" name="registration" time="0.001"/>
  <testcase classname="Pack2.HandlingTest" name="registration" time="0.002"/>
  <testcase classname="Pack2.HandlingTest" name="registration" time="0.001"/>
  <testcase classname="Pack2.HandlingTest" name="registration" time="0.001"/>
  <testcase classname="Pack2.HandlingTest" name="registration" time="0.001"/>
  <testcase classname="Pack2.HandlingTest" name="registration" time="0.001"/>
  <testcase classname="Pack2.HandlingTest" name="registration" time="0.001"/>
  <testcase classname="Pack2.HandlingTest" name="registration" time="0.001"/>
  <testcase classname="Pack2.HandlingTest" name="registration" time="0.001"/>
  <testcase classname="Pack2.HandlingTest" name="registration" time="0.001"/>
  <testcase classname="Pack2.HandlingTest" name="registration" time="0.001"/>
  <testcase classname="Pack2.HandlingTest" name="registration" time="0.001"/>
  <testcase classname="Pack2.HandlingTest" name="registration" time="0.001"/>
  <testcase classname="Pack2.HandlingTest" name="registration" time="0.001"/>
  <testcase classname="Pack2.HandlingTest" name="registration" time="0.001"/>
  <testcase classname="Pack2.HandlingTest" name="registration" time="0.001"/>
  <testcase classname="Pack2.HandlingTest" name="registration" time="0.003"/>
  <testcase classname="Pack2.HandlingTest" name="registration" time="0.001"/>
  <testcase classname="Pack2.HandlingTest" name="registration" time="0.001"/>
  <testcase classname="Pack2.HandlingTest" name="registration" time="0.001"/>
  <testcase classname="Pack2.HandlingTest" name="registration" time="0.001"/>
  <testcase classname="Pack2.HandlingTest" name="registration" time="0.002"/>
  <testcase classname="Pack2.HandlingTest" name="registration" time="0.001"/>
  <testcase classname="Pack2.HandlingTest" name="registration" time="0.001"/>
  <testcase classname="Pack2.HandlingTest" name="registration" time="0.001"/>
  <testcase classname="Pack2.HandlingTest" name="registration" time="0.001"/>
  <testcase classname="Pack2.HandlingTest" name="registration" time="0.0"/>
  <testcase classname="Pack2.HandlingTest" name="registration" time="0.002"/>
  <testcase classname="Pack2.HandlingTest" name="registration" time="0.001"/>
  <testcase classname="Pack2.HandlingTest" name="registration" time="0.001"/>
  <testcase classname="Pack2.HandlingTest" name="registration" time="0.001"/>
  <testcase classname="Pack2.HandlingTest" name="registration" time="0.001"/>
  <testcase classname="Pack2.HandlingTest" name="registration" time="0.001"/>
  <testcase classname="Pack2.HandlingTest" name="registration" time="0.001"/>
  <testcase classname="Pack2.HandlingTest" name="registration" time="0.001"/>
  <testcase classname="Pack2.HandlingTest" name="registration" time="0.002"/>
  <testcase classname="Pack2.HandlingTest" name="registration" time="0.001"/>
  <testcase classname="Pack2.HandlingTest" name="registration" time="0.001"/>
  <testcase classname="Pack2.HandlingTest" name="registration" time="0.001"/>
  <testcase classname="Pack2.HandlingTest" name="registration" time="0.002"/>
  <testcase classname="Pack2.HandlingTest" name="registration" time="0.001"/>
  <testcase classname="Pack2.HandlingTest" name="registration" time="0.001"/>
  <testcase classname="Pack2.HandlingTest" name="registration" time="0.001"/>
  <testcase classname="Pack2.HandlingTest" name="registration" time="0.002"/>
  <testcase classname="Pack2.HandlingTest" name="registration" time="0.004"/>
  <testcase classname="Pack2.HandlingTest" name="registration" time="0.002"/>
  <testcase classname="Pack2.HandlingTest" name="registration" time="0.002"/>
  <testcase classname="Pack2.HandlingTest" name="registration" time="0.002"/>
  <testcase classname="Pack2.HandlingTest" name="registration" time="0.002"/>
  <testcase classname="Pack2.HandlingTest" name="registration" time="0.002"/>
  <testcase classname="Pack2.HandlingTest" name="registration" time="0.002"/>
  <testcase classname="Pack2.HandlingTest" name="registration" time="0.001"/>
  <testcase classname="Pack2.HandlingTest" name="registration" time="0.003"/>
  <testcase classname="Pack2.HandlingTest" name="registration" time="0.001"/>
  <testcase classname="Pack2.HandlingTest" name="registration" time="0.001"/>
  <testcase classname="Pack2.HandlingTest" name="registration" time="0.001"/>
  <testcase classname="Pack2.HandlingTest" name="registration" time="0.004"/>
  <testcase classname="Pack2.HandlingTest" name="registration" time="0.001"/>
  <testcase classname="Pack2.HandlingTest" name="registration" time="0.001"/>
  <testcase classname="Pack2.HandlingTest" name="registration" time="0.001"/>
  <testcase classname="Pack2.HandlingTest" name="registration" time="0.002"/>
  <testcase classname="Pack2.HandlingTest" name="registration" time="0.001"/>
  <testcase classname="Pack2.HandlingTest" name="registration" time="0.002"/>
  <testcase classname="Pack2.HandlingTest" name="registration" time="0.003"/>
  <testcase classname="Pack2.HandlingTest" name="registration" time="0.001"/>
  <testcase classname="Pack2.HandlingTest" name="registration" time="0.001"/>
  <testcase classname="Pack2.HandlingTest" name="registration" time="0.001"/>
  <testcase classname="Pack2.HandlingTest" name="registration" time="0.001"/>
  <testcase classname="Pack2.HandlingTest" name="registration" time="0.0"/>
  <testcase classname="Pack2.HandlingTest" name="registration" time="0.001"/>
  <testcase classname="Pack2.HandlingTest" name="registration" time="0.0"/>
  <testcase classname="Pack2.HandlingTest" name="registration" time="0.001"/>
  <testcase classname="Pack2.HandlingTest" name="registration" time="0.001"/>
  <testcase classname="Pack2.HandlingTest" name="registration" time="0.0"/>
  <testcase classname="Pack2.HandlingTest" name="registration" time="0.001"/>
  <testcase classname="Pack1.CustomerTest" name="ModifyCustomerTest" time="0.002"/>
  <testcase classname="Pack1.CustomerTest" name="createCustomerTest" time="0.001"/>
  <testcase classname="Pack3.DependsTest" name="Test3" time="0.001"/>
  <testcase classname="Pack3.DependsTest" name="Test1" time="0.001"/>
  <testcase classname="Pack3.DependsTest" name="Test2" time="0.002"/>
  <testcase classname="Pack3.OrderTest" name="B" time="0.002"/>
  <testcase classname="Pack3.OrderTest" name="A" time="0.001"/>
  <testcase classname="Pack3.OrderTest" name="D" time="0.001"/>
  <testcase classname="Pack3.OrderTest" name="C" time="0.001"/>
  <testcase classname="Pack2.HandlingTest" name="Test1" time="0.0">
    <ignored/>
  </testcase> <!-- Test1 -->
  <testcase classname="Pack2.HandlingTest" name="Test3" time="0.0">
    <ignored/>
  </testcase> <!-- Test3 -->
</testsuite> <!-- Test -->
