<?xml version="1.0" encoding="UTF-8"?>
<testng-results ignored="0" total="111" passed="111" failed="0" skipped="0">
  <reporter-output>
  </reporter-output>
  <suite started-at="2025-01-16T16:20:07 GMT" name="Suite" finished-at="2025-01-16T16:20:08 GMT" duration-ms="494">
    <groups>
    </groups>
    <test started-at="2025-01-16T16:20:07 GMT" name="Test" finished-at="2025-01-16T16:20:08 GMT" duration-ms="494">
      <class name="Pack1.CustomerTest">
        <test-method is-config="true" signature="setupDBConnection()[pri:0, instance:Pack1.CustomerTest@1165b38]" started-at="2025-01-16T16:20:07 GMT" name="setupDBConnection" finished-at="2025-01-16T16:20:07 GMT" duration-ms="21" status="PASS">
          <reporter-output>
          </reporter-output>
        </test-method> <!-- setupDBConnection -->
        <test-method is-config="true" signature="launchBrowser()[pri:0, instance:Pack1.CustomerTest@1165b38]" started-at="2025-01-16T16:20:07 GMT" name="launchBrowser" finished-at="2025-01-16T16:20:07 GMT" duration-ms="1" status="PASS">
          <reporter-output>
          </reporter-output>
        </test-method> <!-- launchBrowser -->
        <test-method is-config="true" signature="loginToApp()[pri:0, instance:Pack1.CustomerTest@1165b38]" started-at="2025-01-16T16:20:07 GMT" name="loginToApp" finished-at="2025-01-16T16:20:07 GMT" duration-ms="1" status="PASS">
          <reporter-output>
          </reporter-output>
        </test-method> <!-- loginToApp -->
        <test-method signature="ModifyCustomerTest()[pri:0, instance:Pack1.CustomerTest@1165b38]" started-at="2025-01-16T16:20:07 GMT" name="ModifyCustomerTest" finished-at="2025-01-16T16:20:07 GMT" duration-ms="2" status="PASS">
          <reporter-output>
          </reporter-output>
        </test-method> <!-- ModifyCustomerTest -->
        <test-method is-config="true" signature="logoffApp()[pri:0, instance:Pack1.CustomerTest@1165b38]" started-at="2025-01-16T16:20:07 GMT" name="logoffApp" finished-at="2025-01-16T16:20:07 GMT" duration-ms="0" status="PASS">
          <reporter-output>
          </reporter-output>
        </test-method> <!-- logoffApp -->
        <test-method is-config="true" signature="loginToApp()[pri:0, instance:Pack1.CustomerTest@1165b38]" started-at="2025-01-16T16:20:07 GMT" name="loginToApp" finished-at="2025-01-16T16:20:07 GMT" duration-ms="1" status="PASS">
          <reporter-output>
          </reporter-output>
        </test-method> <!-- loginToApp -->
        <test-method signature="createCustomerTest()[pri:0, instance:Pack1.CustomerTest@1165b38]" started-at="2025-01-16T16:20:07 GMT" name="createCustomerTest" finished-at="2025-01-16T16:20:07 GMT" duration-ms="1" status="PASS">
          <reporter-output>
          </reporter-output>
        </test-method> <!-- createCustomerTest -->
        <test-method is-config="true" signature="logoffApp()[pri:0, instance:Pack1.CustomerTest@1165b38]" started-at="2025-01-16T16:20:07 GMT" name="logoffApp" finished-at="2025-01-16T16:20:07 GMT" duration-ms="0" status="PASS">
          <reporter-output>
          </reporter-output>
        </test-method> <!-- logoffApp -->
        <test-method is-config="true" signature="CloseBrowser()[pri:0, instance:Pack1.CustomerTest@1165b38]" started-at="2025-01-16T16:20:07 GMT" name="CloseBrowser" finished-at="2025-01-16T16:20:07 GMT" duration-ms="0" status="PASS">
          <reporter-output>
          </reporter-output>
        </test-method> <!-- CloseBrowser -->
        <test-method is-config="true" signature="diconnectDB()[pri:0, instance:Pack1.CustomerTest@1165b38]" started-at="2025-01-16T16:20:08 GMT" name="diconnectDB" finished-at="2025-01-16T16:20:08 GMT" duration-ms="1" status="PASS">
          <reporter-output>
          </reporter-output>
        </test-method> <!-- diconnectDB -->
      </class> <!-- Pack1.CustomerTest -->
      <class name="Pack2.HandlingTest">
        <test-method signature="Test2()[pri:0, instance:Pack2.HandlingTest@368f2016]" started-at="2025-01-16T16:20:07 GMT" name="Test2" finished-at="2025-01-16T16:20:07 GMT" duration-ms="12" status="PASS">
          <reporter-output>
          </reporter-output>
        </test-method> <!-- Test2 -->
        <test-method signature="Test4()[pri:0, instance:Pack2.HandlingTest@368f2016]" started-at="2025-01-16T16:20:07 GMT" name="Test4" finished-at="2025-01-16T16:20:07 GMT" duration-ms="2" status="PASS">
          <reporter-output>
          </reporter-output>
        </test-method> <!-- Test4 -->
        <test-method signature="registration()[pri:0, instance:Pack2.HandlingTest@368f2016]" started-at="2025-01-16T16:20:07 GMT" name="registration" finished-at="2025-01-16T16:20:07 GMT" duration-ms="3" status="PASS">
          <reporter-output>
          </reporter-output>
        </test-method> <!-- registration -->
        <test-method signature="registration()[pri:0, instance:Pack2.HandlingTest@368f2016]" started-at="2025-01-16T16:20:07 GMT" name="registration" finished-at="2025-01-16T16:20:07 GMT" duration-ms="2" status="PASS">
          <reporter-output>
          </reporter-output>
        </test-method> <!-- registration -->
        <test-method signature="registration()[pri:0, instance:Pack2.HandlingTest@368f2016]" started-at="2025-01-16T16:20:07 GMT" name="registration" finished-at="2025-01-16T16:20:07 GMT" duration-ms="2" status="PASS">
          <reporter-output>
          </reporter-output>
        </test-method> <!-- registration -->
        <test-method signature="registration()[pri:0, instance:Pack2.HandlingTest@368f2016]" started-at="2025-01-16T16:20:07 GMT" name="registration" finished-at="2025-01-16T16:20:07 GMT" duration-ms="2" status="PASS">
          <reporter-output>
          </reporter-output>
        </test-method> <!-- registration -->
        <test-method signature="registration()[pri:0, instance:Pack2.HandlingTest@368f2016]" started-at="2025-01-16T16:20:07 GMT" name="registration" finished-at="2025-01-16T16:20:07 GMT" duration-ms="2" status="PASS">
          <reporter-output>
          </reporter-output>
        </test-method> <!-- registration -->
        <test-method signature="registration()[pri:0, instance:Pack2.HandlingTest@368f2016]" started-at="2025-01-16T16:20:07 GMT" name="registration" finished-at="2025-01-16T16:20:07 GMT" duration-ms="2" status="PASS">
          <reporter-output>
          </reporter-output>
        </test-method> <!-- registration -->
        <test-method signature="registration()[pri:0, instance:Pack2.HandlingTest@368f2016]" started-at="2025-01-16T16:20:07 GMT" name="registration" finished-at="2025-01-16T16:20:07 GMT" duration-ms="2" status="PASS">
          <reporter-output>
          </reporter-output>
        </test-method> <!-- registration -->
        <test-method signature="registration()[pri:0, instance:Pack2.HandlingTest@368f2016]" started-at="2025-01-16T16:20:07 GMT" name="registration" finished-at="2025-01-16T16:20:07 GMT" duration-ms="2" status="PASS">
          <reporter-output>
          </reporter-output>
        </test-method> <!-- registration -->
        <test-method signature="registration()[pri:0, instance:Pack2.HandlingTest@368f2016]" started-at="2025-01-16T16:20:07 GMT" name="registration" finished-at="2025-01-16T16:20:07 GMT" duration-ms="2" status="PASS">
          <reporter-output>
          </reporter-output>
        </test-method> <!-- registration -->
        <test-method signature="registration()[pri:0, instance:Pack2.HandlingTest@368f2016]" started-at="2025-01-16T16:20:07 GMT" name="registration" finished-at="2025-01-16T16:20:07 GMT" duration-ms="3" status="PASS">
          <reporter-output>
          </reporter-output>
        </test-method> <!-- registration -->
        <test-method signature="registration()[pri:0, instance:Pack2.HandlingTest@368f2016]" started-at="2025-01-16T16:20:07 GMT" name="registration" finished-at="2025-01-16T16:20:07 GMT" duration-ms="1" status="PASS">
          <reporter-output>
          </reporter-output>
        </test-method> <!-- registration -->
        <test-method signature="registration()[pri:0, instance:Pack2.HandlingTest@368f2016]" started-at="2025-01-16T16:20:07 GMT" name="registration" finished-at="2025-01-16T16:20:07 GMT" duration-ms="2" status="PASS">
          <reporter-output>
          </reporter-output>
        </test-method> <!-- registration -->
        <test-method signature="registration()[pri:0, instance:Pack2.HandlingTest@368f2016]" started-at="2025-01-16T16:20:07 GMT" name="registration" finished-at="2025-01-16T16:20:07 GMT" duration-ms="2" status="PASS">
          <reporter-output>
          </reporter-output>
        </test-method> <!-- registration -->
        <test-method signature="registration()[pri:0, instance:Pack2.HandlingTest@368f2016]" started-at="2025-01-16T16:20:07 GMT" name="registration" finished-at="2025-01-16T16:20:07 GMT" duration-ms="1" status="PASS">
          <reporter-output>
          </reporter-output>
        </test-method> <!-- registration -->
        <test-method signature="registration()[pri:0, instance:Pack2.HandlingTest@368f2016]" started-at="2025-01-16T16:20:07 GMT" name="registration" finished-at="2025-01-16T16:20:07 GMT" duration-ms="1" status="PASS">
          <reporter-output>
          </reporter-output>
        </test-method> <!-- registration -->
        <test-method signature="registration()[pri:0, instance:Pack2.HandlingTest@368f2016]" started-at="2025-01-16T16:20:07 GMT" name="registration" finished-at="2025-01-16T16:20:07 GMT" duration-ms="0" status="PASS">
          <reporter-output>
          </reporter-output>
        </test-method> <!-- registration -->
        <test-method signature="registration()[pri:0, instance:Pack2.HandlingTest@368f2016]" started-at="2025-01-16T16:20:07 GMT" name="registration" finished-at="2025-01-16T16:20:07 GMT" duration-ms="1" status="PASS">
          <reporter-output>
          </reporter-output>
        </test-method> <!-- registration -->
        <test-method signature="registration()[pri:0, instance:Pack2.HandlingTest@368f2016]" started-at="2025-01-16T16:20:07 GMT" name="registration" finished-at="2025-01-16T16:20:07 GMT" duration-ms="1" status="PASS">
          <reporter-output>
          </reporter-output>
        </test-method> <!-- registration -->
        <test-method signature="registration()[pri:0, instance:Pack2.HandlingTest@368f2016]" started-at="2025-01-16T16:20:07 GMT" name="registration" finished-at="2025-01-16T16:20:07 GMT" duration-ms="1" status="PASS">
          <reporter-output>
          </reporter-output>
        </test-method> <!-- registration -->
        <test-method signature="registration()[pri:0, instance:Pack2.HandlingTest@368f2016]" started-at="2025-01-16T16:20:07 GMT" name="registration" finished-at="2025-01-16T16:20:07 GMT" duration-ms="1" status="PASS">
          <reporter-output>
          </reporter-output>
        </test-method> <!-- registration -->
        <test-method signature="registration()[pri:0, instance:Pack2.HandlingTest@368f2016]" started-at="2025-01-16T16:20:07 GMT" name="registration" finished-at="2025-01-16T16:20:07 GMT" duration-ms="1" status="PASS">
          <reporter-output>
          </reporter-output>
        </test-method> <!-- registration -->
        <test-method signature="registration()[pri:0, instance:Pack2.HandlingTest@368f2016]" started-at="2025-01-16T16:20:07 GMT" name="registration" finished-at="2025-01-16T16:20:07 GMT" duration-ms="1" status="PASS">
          <reporter-output>
          </reporter-output>
        </test-method> <!-- registration -->
        <test-method signature="registration()[pri:0, instance:Pack2.HandlingTest@368f2016]" started-at="2025-01-16T16:20:07 GMT" name="registration" finished-at="2025-01-16T16:20:07 GMT" duration-ms="1" status="PASS">
          <reporter-output>
          </reporter-output>
        </test-method> <!-- registration -->
        <test-method signature="registration()[pri:0, instance:Pack2.HandlingTest@368f2016]" started-at="2025-01-16T16:20:07 GMT" name="registration" finished-at="2025-01-16T16:20:07 GMT" duration-ms="2" status="PASS">
          <reporter-output>
          </reporter-output>
        </test-method> <!-- registration -->
        <test-method signature="registration()[pri:0, instance:Pack2.HandlingTest@368f2016]" started-at="2025-01-16T16:20:07 GMT" name="registration" finished-at="2025-01-16T16:20:07 GMT" duration-ms="2" status="PASS">
          <reporter-output>
          </reporter-output>
        </test-method> <!-- registration -->
        <test-method signature="registration()[pri:0, instance:Pack2.HandlingTest@368f2016]" started-at="2025-01-16T16:20:07 GMT" name="registration" finished-at="2025-01-16T16:20:07 GMT" duration-ms="1" status="PASS">
          <reporter-output>
          </reporter-output>
        </test-method> <!-- registration -->
        <test-method signature="registration()[pri:0, instance:Pack2.HandlingTest@368f2016]" started-at="2025-01-16T16:20:07 GMT" name="registration" finished-at="2025-01-16T16:20:07 GMT" duration-ms="2" status="PASS">
          <reporter-output>
          </reporter-output>
        </test-method> <!-- registration -->
        <test-method signature="registration()[pri:0, instance:Pack2.HandlingTest@368f2016]" started-at="2025-01-16T16:20:07 GMT" name="registration" finished-at="2025-01-16T16:20:07 GMT" duration-ms="1" status="PASS">
          <reporter-output>
          </reporter-output>
        </test-method> <!-- registration -->
        <test-method signature="registration()[pri:0, instance:Pack2.HandlingTest@368f2016]" started-at="2025-01-16T16:20:07 GMT" name="registration" finished-at="2025-01-16T16:20:07 GMT" duration-ms="1" status="PASS">
          <reporter-output>
          </reporter-output>
        </test-method> <!-- registration -->
        <test-method signature="registration()[pri:0, instance:Pack2.HandlingTest@368f2016]" started-at="2025-01-16T16:20:07 GMT" name="registration" finished-at="2025-01-16T16:20:07 GMT" duration-ms="1" status="PASS">
          <reporter-output>
          </reporter-output>
        </test-method> <!-- registration -->
        <test-method signature="registration()[pri:0, instance:Pack2.HandlingTest@368f2016]" started-at="2025-01-16T16:20:07 GMT" name="registration" finished-at="2025-01-16T16:20:07 GMT" duration-ms="1" status="PASS">
          <reporter-output>
          </reporter-output>
        </test-method> <!-- registration -->
        <test-method signature="registration()[pri:0, instance:Pack2.HandlingTest@368f2016]" started-at="2025-01-16T16:20:07 GMT" name="registration" finished-at="2025-01-16T16:20:07 GMT" duration-ms="1" status="PASS">
          <reporter-output>
          </reporter-output>
        </test-method> <!-- registration -->
        <test-method signature="registration()[pri:0, instance:Pack2.HandlingTest@368f2016]" started-at="2025-01-16T16:20:07 GMT" name="registration" finished-at="2025-01-16T16:20:07 GMT" duration-ms="1" status="PASS">
          <reporter-output>
          </reporter-output>
        </test-method> <!-- registration -->
        <test-method signature="registration()[pri:0, instance:Pack2.HandlingTest@368f2016]" started-at="2025-01-16T16:20:07 GMT" name="registration" finished-at="2025-01-16T16:20:07 GMT" duration-ms="1" status="PASS">
          <reporter-output>
          </reporter-output>
        </test-method> <!-- registration -->
        <test-method signature="registration()[pri:0, instance:Pack2.HandlingTest@368f2016]" started-at="2025-01-16T16:20:07 GMT" name="registration" finished-at="2025-01-16T16:20:07 GMT" duration-ms="1" status="PASS">
          <reporter-output>
          </reporter-output>
        </test-method> <!-- registration -->
        <test-method signature="registration()[pri:0, instance:Pack2.HandlingTest@368f2016]" started-at="2025-01-16T16:20:07 GMT" name="registration" finished-at="2025-01-16T16:20:07 GMT" duration-ms="1" status="PASS">
          <reporter-output>
          </reporter-output>
        </test-method> <!-- registration -->
        <test-method signature="registration()[pri:0, instance:Pack2.HandlingTest@368f2016]" started-at="2025-01-16T16:20:07 GMT" name="registration" finished-at="2025-01-16T16:20:07 GMT" duration-ms="1" status="PASS">
          <reporter-output>
          </reporter-output>
        </test-method> <!-- registration -->
        <test-method signature="registration()[pri:0, instance:Pack2.HandlingTest@368f2016]" started-at="2025-01-16T16:20:07 GMT" name="registration" finished-at="2025-01-16T16:20:07 GMT" duration-ms="1" status="PASS">
          <reporter-output>
          </reporter-output>
        </test-method> <!-- registration -->
        <test-method signature="registration()[pri:0, instance:Pack2.HandlingTest@368f2016]" started-at="2025-01-16T16:20:07 GMT" name="registration" finished-at="2025-01-16T16:20:07 GMT" duration-ms="1" status="PASS">
          <reporter-output>
          </reporter-output>
        </test-method> <!-- registration -->
        <test-method signature="registration()[pri:0, instance:Pack2.HandlingTest@368f2016]" started-at="2025-01-16T16:20:07 GMT" name="registration" finished-at="2025-01-16T16:20:07 GMT" duration-ms="1" status="PASS">
          <reporter-output>
          </reporter-output>
        </test-method> <!-- registration -->
        <test-method signature="registration()[pri:0, instance:Pack2.HandlingTest@368f2016]" started-at="2025-01-16T16:20:07 GMT" name="registration" finished-at="2025-01-16T16:20:07 GMT" duration-ms="1" status="PASS">
          <reporter-output>
          </reporter-output>
        </test-method> <!-- registration -->
        <test-method signature="registration()[pri:0, instance:Pack2.HandlingTest@368f2016]" started-at="2025-01-16T16:20:07 GMT" name="registration" finished-at="2025-01-16T16:20:07 GMT" duration-ms="3" status="PASS">
          <reporter-output>
          </reporter-output>
        </test-method> <!-- registration -->
        <test-method signature="registration()[pri:0, instance:Pack2.HandlingTest@368f2016]" started-at="2025-01-16T16:20:07 GMT" name="registration" finished-at="2025-01-16T16:20:07 GMT" duration-ms="1" status="PASS">
          <reporter-output>
          </reporter-output>
        </test-method> <!-- registration -->
        <test-method signature="registration()[pri:0, instance:Pack2.HandlingTest@368f2016]" started-at="2025-01-16T16:20:07 GMT" name="registration" finished-at="2025-01-16T16:20:07 GMT" duration-ms="1" status="PASS">
          <reporter-output>
          </reporter-output>
        </test-method> <!-- registration -->
        <test-method signature="registration()[pri:0, instance:Pack2.HandlingTest@368f2016]" started-at="2025-01-16T16:20:07 GMT" name="registration" finished-at="2025-01-16T16:20:07 GMT" duration-ms="1" status="PASS">
          <reporter-output>
          </reporter-output>
        </test-method> <!-- registration -->
        <test-method signature="registration()[pri:0, instance:Pack2.HandlingTest@368f2016]" started-at="2025-01-16T16:20:07 GMT" name="registration" finished-at="2025-01-16T16:20:07 GMT" duration-ms="1" status="PASS">
          <reporter-output>
          </reporter-output>
        </test-method> <!-- registration -->
        <test-method signature="registration()[pri:0, instance:Pack2.HandlingTest@368f2016]" started-at="2025-01-16T16:20:07 GMT" name="registration" finished-at="2025-01-16T16:20:07 GMT" duration-ms="2" status="PASS">
          <reporter-output>
          </reporter-output>
        </test-method> <!-- registration -->
        <test-method signature="registration()[pri:0, instance:Pack2.HandlingTest@368f2016]" started-at="2025-01-16T16:20:07 GMT" name="registration" finished-at="2025-01-16T16:20:07 GMT" duration-ms="1" status="PASS">
          <reporter-output>
          </reporter-output>
        </test-method> <!-- registration -->
        <test-method signature="registration()[pri:0, instance:Pack2.HandlingTest@368f2016]" started-at="2025-01-16T16:20:07 GMT" name="registration" finished-at="2025-01-16T16:20:07 GMT" duration-ms="1" status="PASS">
          <reporter-output>
          </reporter-output>
        </test-method> <!-- registration -->
        <test-method signature="registration()[pri:0, instance:Pack2.HandlingTest@368f2016]" started-at="2025-01-16T16:20:07 GMT" name="registration" finished-at="2025-01-16T16:20:07 GMT" duration-ms="1" status="PASS">
          <reporter-output>
          </reporter-output>
        </test-method> <!-- registration -->
        <test-method signature="registration()[pri:0, instance:Pack2.HandlingTest@368f2016]" started-at="2025-01-16T16:20:07 GMT" name="registration" finished-at="2025-01-16T16:20:07 GMT" duration-ms="1" status="PASS">
          <reporter-output>
          </reporter-output>
        </test-method> <!-- registration -->
        <test-method signature="registration()[pri:0, instance:Pack2.HandlingTest@368f2016]" started-at="2025-01-16T16:20:07 GMT" name="registration" finished-at="2025-01-16T16:20:07 GMT" duration-ms="0" status="PASS">
          <reporter-output>
          </reporter-output>
        </test-method> <!-- registration -->
        <test-method signature="registration()[pri:0, instance:Pack2.HandlingTest@368f2016]" started-at="2025-01-16T16:20:07 GMT" name="registration" finished-at="2025-01-16T16:20:07 GMT" duration-ms="2" status="PASS">
          <reporter-output>
          </reporter-output>
        </test-method> <!-- registration -->
        <test-method signature="registration()[pri:0, instance:Pack2.HandlingTest@368f2016]" started-at="2025-01-16T16:20:07 GMT" name="registration" finished-at="2025-01-16T16:20:07 GMT" duration-ms="1" status="PASS">
          <reporter-output>
          </reporter-output>
        </test-method> <!-- registration -->
        <test-method signature="registration()[pri:0, instance:Pack2.HandlingTest@368f2016]" started-at="2025-01-16T16:20:07 GMT" name="registration" finished-at="2025-01-16T16:20:07 GMT" duration-ms="1" status="PASS">
          <reporter-output>
          </reporter-output>
        </test-method> <!-- registration -->
        <test-method signature="registration()[pri:0, instance:Pack2.HandlingTest@368f2016]" started-at="2025-01-16T16:20:07 GMT" name="registration" finished-at="2025-01-16T16:20:07 GMT" duration-ms="1" status="PASS">
          <reporter-output>
          </reporter-output>
        </test-method> <!-- registration -->
        <test-method signature="registration()[pri:0, instance:Pack2.HandlingTest@368f2016]" started-at="2025-01-16T16:20:07 GMT" name="registration" finished-at="2025-01-16T16:20:07 GMT" duration-ms="1" status="PASS">
          <reporter-output>
          </reporter-output>
        </test-method> <!-- registration -->
        <test-method signature="registration()[pri:0, instance:Pack2.HandlingTest@368f2016]" started-at="2025-01-16T16:20:07 GMT" name="registration" finished-at="2025-01-16T16:20:07 GMT" duration-ms="1" status="PASS">
          <reporter-output>
          </reporter-output>
        </test-method> <!-- registration -->
        <test-method signature="registration()[pri:0, instance:Pack2.HandlingTest@368f2016]" started-at="2025-01-16T16:20:07 GMT" name="registration" finished-at="2025-01-16T16:20:07 GMT" duration-ms="1" status="PASS">
          <reporter-output>
          </reporter-output>
        </test-method> <!-- registration -->
        <test-method signature="registration()[pri:0, instance:Pack2.HandlingTest@368f2016]" started-at="2025-01-16T16:20:07 GMT" name="registration" finished-at="2025-01-16T16:20:07 GMT" duration-ms="1" status="PASS">
          <reporter-output>
          </reporter-output>
        </test-method> <!-- registration -->
        <test-method signature="registration()[pri:0, instance:Pack2.HandlingTest@368f2016]" started-at="2025-01-16T16:20:07 GMT" name="registration" finished-at="2025-01-16T16:20:07 GMT" duration-ms="2" status="PASS">
          <reporter-output>
          </reporter-output>
        </test-method> <!-- registration -->
        <test-method signature="registration()[pri:0, instance:Pack2.HandlingTest@368f2016]" started-at="2025-01-16T16:20:07 GMT" name="registration" finished-at="2025-01-16T16:20:07 GMT" duration-ms="1" status="PASS">
          <reporter-output>
          </reporter-output>
        </test-method> <!-- registration -->
        <test-method signature="registration()[pri:0, instance:Pack2.HandlingTest@368f2016]" started-at="2025-01-16T16:20:07 GMT" name="registration" finished-at="2025-01-16T16:20:07 GMT" duration-ms="1" status="PASS">
          <reporter-output>
          </reporter-output>
        </test-method> <!-- registration -->
        <test-method signature="registration()[pri:0, instance:Pack2.HandlingTest@368f2016]" started-at="2025-01-16T16:20:07 GMT" name="registration" finished-at="2025-01-16T16:20:07 GMT" duration-ms="1" status="PASS">
          <reporter-output>
          </reporter-output>
        </test-method> <!-- registration -->
        <test-method signature="registration()[pri:0, instance:Pack2.HandlingTest@368f2016]" started-at="2025-01-16T16:20:07 GMT" name="registration" finished-at="2025-01-16T16:20:07 GMT" duration-ms="2" status="PASS">
          <reporter-output>
          </reporter-output>
        </test-method> <!-- registration -->
        <test-method signature="registration()[pri:0, instance:Pack2.HandlingTest@368f2016]" started-at="2025-01-16T16:20:07 GMT" name="registration" finished-at="2025-01-16T16:20:07 GMT" duration-ms="1" status="PASS">
          <reporter-output>
          </reporter-output>
        </test-method> <!-- registration -->
        <test-method signature="registration()[pri:0, instance:Pack2.HandlingTest@368f2016]" started-at="2025-01-16T16:20:07 GMT" name="registration" finished-at="2025-01-16T16:20:07 GMT" duration-ms="1" status="PASS">
          <reporter-output>
          </reporter-output>
        </test-method> <!-- registration -->
        <test-method signature="registration()[pri:0, instance:Pack2.HandlingTest@368f2016]" started-at="2025-01-16T16:20:07 GMT" name="registration" finished-at="2025-01-16T16:20:07 GMT" duration-ms="1" status="PASS">
          <reporter-output>
          </reporter-output>
        </test-method> <!-- registration -->
        <test-method signature="registration()[pri:0, instance:Pack2.HandlingTest@368f2016]" started-at="2025-01-16T16:20:07 GMT" name="registration" finished-at="2025-01-16T16:20:07 GMT" duration-ms="2" status="PASS">
          <reporter-output>
          </reporter-output>
        </test-method> <!-- registration -->
        <test-method signature="registration()[pri:0, instance:Pack2.HandlingTest@368f2016]" started-at="2025-01-16T16:20:07 GMT" name="registration" finished-at="2025-01-16T16:20:07 GMT" duration-ms="4" status="PASS">
          <reporter-output>
          </reporter-output>
        </test-method> <!-- registration -->
        <test-method signature="registration()[pri:0, instance:Pack2.HandlingTest@368f2016]" started-at="2025-01-16T16:20:07 GMT" name="registration" finished-at="2025-01-16T16:20:07 GMT" duration-ms="2" status="PASS">
          <reporter-output>
          </reporter-output>
        </test-method> <!-- registration -->
        <test-method signature="registration()[pri:0, instance:Pack2.HandlingTest@368f2016]" started-at="2025-01-16T16:20:07 GMT" name="registration" finished-at="2025-01-16T16:20:07 GMT" duration-ms="2" status="PASS">
          <reporter-output>
          </reporter-output>
        </test-method> <!-- registration -->
        <test-method signature="registration()[pri:0, instance:Pack2.HandlingTest@368f2016]" started-at="2025-01-16T16:20:07 GMT" name="registration" finished-at="2025-01-16T16:20:07 GMT" duration-ms="2" status="PASS">
          <reporter-output>
          </reporter-output>
        </test-method> <!-- registration -->
        <test-method signature="registration()[pri:0, instance:Pack2.HandlingTest@368f2016]" started-at="2025-01-16T16:20:07 GMT" name="registration" finished-at="2025-01-16T16:20:07 GMT" duration-ms="2" status="PASS">
          <reporter-output>
          </reporter-output>
        </test-method> <!-- registration -->
        <test-method signature="registration()[pri:0, instance:Pack2.HandlingTest@368f2016]" started-at="2025-01-16T16:20:07 GMT" name="registration" finished-at="2025-01-16T16:20:07 GMT" duration-ms="2" status="PASS">
          <reporter-output>
          </reporter-output>
        </test-method> <!-- registration -->
        <test-method signature="registration()[pri:0, instance:Pack2.HandlingTest@368f2016]" started-at="2025-01-16T16:20:07 GMT" name="registration" finished-at="2025-01-16T16:20:07 GMT" duration-ms="2" status="PASS">
          <reporter-output>
          </reporter-output>
        </test-method> <!-- registration -->
        <test-method signature="registration()[pri:0, instance:Pack2.HandlingTest@368f2016]" started-at="2025-01-16T16:20:07 GMT" name="registration" finished-at="2025-01-16T16:20:07 GMT" duration-ms="1" status="PASS">
          <reporter-output>
          </reporter-output>
        </test-method> <!-- registration -->
        <test-method signature="registration()[pri:0, instance:Pack2.HandlingTest@368f2016]" started-at="2025-01-16T16:20:07 GMT" name="registration" finished-at="2025-01-16T16:20:07 GMT" duration-ms="3" status="PASS">
          <reporter-output>
          </reporter-output>
        </test-method> <!-- registration -->
        <test-method signature="registration()[pri:0, instance:Pack2.HandlingTest@368f2016]" started-at="2025-01-16T16:20:07 GMT" name="registration" finished-at="2025-01-16T16:20:07 GMT" duration-ms="1" status="PASS">
          <reporter-output>
          </reporter-output>
        </test-method> <!-- registration -->
        <test-method signature="registration()[pri:0, instance:Pack2.HandlingTest@368f2016]" started-at="2025-01-16T16:20:07 GMT" name="registration" finished-at="2025-01-16T16:20:07 GMT" duration-ms="1" status="PASS">
          <reporter-output>
          </reporter-output>
        </test-method> <!-- registration -->
        <test-method signature="registration()[pri:0, instance:Pack2.HandlingTest@368f2016]" started-at="2025-01-16T16:20:07 GMT" name="registration" finished-at="2025-01-16T16:20:07 GMT" duration-ms="1" status="PASS">
          <reporter-output>
          </reporter-output>
        </test-method> <!-- registration -->
        <test-method signature="registration()[pri:0, instance:Pack2.HandlingTest@368f2016]" started-at="2025-01-16T16:20:07 GMT" name="registration" finished-at="2025-01-16T16:20:07 GMT" duration-ms="4" status="PASS">
          <reporter-output>
          </reporter-output>
        </test-method> <!-- registration -->
        <test-method signature="registration()[pri:0, instance:Pack2.HandlingTest@368f2016]" started-at="2025-01-16T16:20:07 GMT" name="registration" finished-at="2025-01-16T16:20:07 GMT" duration-ms="1" status="PASS">
          <reporter-output>
          </reporter-output>
        </test-method> <!-- registration -->
        <test-method signature="registration()[pri:0, instance:Pack2.HandlingTest@368f2016]" started-at="2025-01-16T16:20:07 GMT" name="registration" finished-at="2025-01-16T16:20:07 GMT" duration-ms="1" status="PASS">
          <reporter-output>
          </reporter-output>
        </test-method> <!-- registration -->
        <test-method signature="registration()[pri:0, instance:Pack2.HandlingTest@368f2016]" started-at="2025-01-16T16:20:07 GMT" name="registration" finished-at="2025-01-16T16:20:07 GMT" duration-ms="1" status="PASS">
          <reporter-output>
          </reporter-output>
        </test-method> <!-- registration -->
        <test-method signature="registration()[pri:0, instance:Pack2.HandlingTest@368f2016]" started-at="2025-01-16T16:20:07 GMT" name="registration" finished-at="2025-01-16T16:20:07 GMT" duration-ms="2" status="PASS">
          <reporter-output>
          </reporter-output>
        </test-method> <!-- registration -->
        <test-method signature="registration()[pri:0, instance:Pack2.HandlingTest@368f2016]" started-at="2025-01-16T16:20:07 GMT" name="registration" finished-at="2025-01-16T16:20:07 GMT" duration-ms="1" status="PASS">
          <reporter-output>
          </reporter-output>
        </test-method> <!-- registration -->
        <test-method signature="registration()[pri:0, instance:Pack2.HandlingTest@368f2016]" started-at="2025-01-16T16:20:07 GMT" name="registration" finished-at="2025-01-16T16:20:07 GMT" duration-ms="2" status="PASS">
          <reporter-output>
          </reporter-output>
        </test-method> <!-- registration -->
        <test-method signature="registration()[pri:0, instance:Pack2.HandlingTest@368f2016]" started-at="2025-01-16T16:20:07 GMT" name="registration" finished-at="2025-01-16T16:20:07 GMT" duration-ms="3" status="PASS">
          <reporter-output>
          </reporter-output>
        </test-method> <!-- registration -->
        <test-method signature="registration()[pri:0, instance:Pack2.HandlingTest@368f2016]" started-at="2025-01-16T16:20:07 GMT" name="registration" finished-at="2025-01-16T16:20:07 GMT" duration-ms="1" status="PASS">
          <reporter-output>
          </reporter-output>
        </test-method> <!-- registration -->
        <test-method signature="registration()[pri:0, instance:Pack2.HandlingTest@368f2016]" started-at="2025-01-16T16:20:07 GMT" name="registration" finished-at="2025-01-16T16:20:07 GMT" duration-ms="1" status="PASS">
          <reporter-output>
          </reporter-output>
        </test-method> <!-- registration -->
        <test-method signature="registration()[pri:0, instance:Pack2.HandlingTest@368f2016]" started-at="2025-01-16T16:20:07 GMT" name="registration" finished-at="2025-01-16T16:20:07 GMT" duration-ms="1" status="PASS">
          <reporter-output>
          </reporter-output>
        </test-method> <!-- registration -->
        <test-method signature="registration()[pri:0, instance:Pack2.HandlingTest@368f2016]" started-at="2025-01-16T16:20:07 GMT" name="registration" finished-at="2025-01-16T16:20:07 GMT" duration-ms="1" status="PASS">
          <reporter-output>
          </reporter-output>
        </test-method> <!-- registration -->
        <test-method signature="registration()[pri:0, instance:Pack2.HandlingTest@368f2016]" started-at="2025-01-16T16:20:07 GMT" name="registration" finished-at="2025-01-16T16:20:07 GMT" duration-ms="0" status="PASS">
          <reporter-output>
          </reporter-output>
        </test-method> <!-- registration -->
        <test-method signature="registration()[pri:0, instance:Pack2.HandlingTest@368f2016]" started-at="2025-01-16T16:20:07 GMT" name="registration" finished-at="2025-01-16T16:20:07 GMT" duration-ms="1" status="PASS">
          <reporter-output>
          </reporter-output>
        </test-method> <!-- registration -->
        <test-method signature="registration()[pri:0, instance:Pack2.HandlingTest@368f2016]" started-at="2025-01-16T16:20:07 GMT" name="registration" finished-at="2025-01-16T16:20:07 GMT" duration-ms="0" status="PASS">
          <reporter-output>
          </reporter-output>
        </test-method> <!-- registration -->
        <test-method signature="registration()[pri:0, instance:Pack2.HandlingTest@368f2016]" started-at="2025-01-16T16:20:07 GMT" name="registration" finished-at="2025-01-16T16:20:07 GMT" duration-ms="1" status="PASS">
          <reporter-output>
          </reporter-output>
        </test-method> <!-- registration -->
        <test-method signature="registration()[pri:0, instance:Pack2.HandlingTest@368f2016]" started-at="2025-01-16T16:20:07 GMT" name="registration" finished-at="2025-01-16T16:20:07 GMT" duration-ms="1" status="PASS">
          <reporter-output>
          </reporter-output>
        </test-method> <!-- registration -->
        <test-method signature="registration()[pri:0, instance:Pack2.HandlingTest@368f2016]" started-at="2025-01-16T16:20:07 GMT" name="registration" finished-at="2025-01-16T16:20:07 GMT" duration-ms="0" status="PASS">
          <reporter-output>
          </reporter-output>
        </test-method> <!-- registration -->
        <test-method signature="registration()[pri:0, instance:Pack2.HandlingTest@368f2016]" started-at="2025-01-16T16:20:07 GMT" name="registration" finished-at="2025-01-16T16:20:07 GMT" duration-ms="1" status="PASS">
          <reporter-output>
          </reporter-output>
        </test-method> <!-- registration -->
      </class> <!-- Pack2.HandlingTest -->
      <class name="Pack3.DependsTest">
        <test-method signature="Test3()[pri:0, instance:Pack3.DependsTest@3b69e7d1]" started-at="2025-01-16T16:20:07 GMT" name="Test3" finished-at="2025-01-16T16:20:07 GMT" duration-ms="1" status="PASS">
          <reporter-output>
          </reporter-output>
        </test-method> <!-- Test3 -->
        <test-method signature="Test1()[pri:0, instance:Pack3.DependsTest@3b69e7d1]" started-at="2025-01-16T16:20:07 GMT" name="Test1" finished-at="2025-01-16T16:20:07 GMT" depends-on-methods="Pack3.DependsTest.Test3" duration-ms="1" status="PASS">
          <reporter-output>
          </reporter-output>
        </test-method> <!-- Test1 -->
        <test-method signature="Test2()[pri:0, instance:Pack3.DependsTest@3b69e7d1]" started-at="2025-01-16T16:20:08 GMT" name="Test2" finished-at="2025-01-16T16:20:08 GMT" depends-on-methods="Pack3.DependsTest.Test1" duration-ms="2" status="PASS">
          <reporter-output>
          </reporter-output>
        </test-method> <!-- Test2 -->
      </class> <!-- Pack3.DependsTest -->
      <class name="Pack3.OrderTest">
        <test-method signature="B()[pri:1, instance:Pack3.OrderTest@815b41f]" started-at="2025-01-16T16:20:08 GMT" name="B" finished-at="2025-01-16T16:20:08 GMT" duration-ms="2" status="PASS">
          <reporter-output>
          </reporter-output>
        </test-method> <!-- B -->
        <test-method signature="A()[pri:2, instance:Pack3.OrderTest@815b41f]" started-at="2025-01-16T16:20:08 GMT" name="A" finished-at="2025-01-16T16:20:08 GMT" duration-ms="1" status="PASS">
          <reporter-output>
          </reporter-output>
        </test-method> <!-- A -->
        <test-method signature="D()[pri:3, instance:Pack3.OrderTest@815b41f]" started-at="2025-01-16T16:20:08 GMT" name="D" finished-at="2025-01-16T16:20:08 GMT" duration-ms="1" status="PASS">
          <reporter-output>
          </reporter-output>
        </test-method> <!-- D -->
        <test-method signature="C()[pri:4, instance:Pack3.OrderTest@815b41f]" started-at="2025-01-16T16:20:08 GMT" name="C" finished-at="2025-01-16T16:20:08 GMT" duration-ms="1" status="PASS">
          <reporter-output>
          </reporter-output>
        </test-method> <!-- C -->
      </class> <!-- Pack3.OrderTest -->
    </test> <!-- Test -->
  </suite> <!-- Suite -->
</testng-results>
