<?xml version="1.0" encoding="UTF-8"?>
<testng-results ignored="0" total="3" passed="3" failed="0" skipped="0">
  <reporter-output>
  </reporter-output>
  <suite started-at="2025-02-13T16:37:17 GMT" name="Default suite" finished-at="2025-02-13T16:37:17 GMT" duration-ms="75">
    <groups>
    </groups>
    <test started-at="2025-02-13T16:37:17 GMT" name="Default test" finished-at="2025-02-13T16:37:17 GMT" duration-ms="75">
      <class name="Pack3.DependsTest">
        <test-method signature="Test3()[pri:0, instance:Pack3.DependsTest@74f0ea28]" started-at="2025-02-13T16:37:17 GMT" name="Test3" finished-at="2025-02-13T16:37:17 GMT" duration-ms="10" status="PASS">
          <reporter-output>
          </reporter-output>
        </test-method> <!-- Test3 -->
        <test-method signature="Test1()[pri:0, instance:Pack3.DependsTest@74f0ea28]" started-at="2025-02-13T16:37:17 GMT" name="Test1" finished-at="2025-02-13T16:37:17 GMT" depends-on-methods="Pack3.DependsTest.Test3" duration-ms="2" status="PASS">
          <reporter-output>
          </reporter-output>
        </test-method> <!-- Test1 -->
        <test-method signature="Test2()[pri:0, instance:Pack3.DependsTest@74f0ea28]" started-at="2025-02-13T16:37:17 GMT" name="Test2" finished-at="2025-02-13T16:37:17 GMT" depends-on-methods="Pack3.DependsTest.Test1" duration-ms="2" status="PASS">
          <reporter-output>
          </reporter-output>
        </test-method> <!-- Test2 -->
      </class> <!-- Pack3.DependsTest -->
    </test> <!-- Default test -->
  </suite> <!-- Default suite -->
</testng-results>
